<?xml version="1.0" encoding="UTF-8"?>
<coverage generated="1747629816248" clover="3.2.0">
  <project timestamp="1747629816249" name="All files">
    <metrics statements="51" coveredstatements="51" conditionals="8" coveredconditionals="8" methods="14" coveredmethods="14" elements="73" coveredelements="73" complexity="0" loc="51" ncloc="51" packages="2" files="2" classes="2"/>
    <package name="controllers">
      <metrics statements="32" coveredstatements="32" conditionals="6" coveredconditionals="6" methods="5" coveredmethods="5"/>
      <file name="task.controller.ts" path="/home/robinsmaskey/express-typescript-api/src/controllers/task.controller.ts">
        <metrics statements="32" coveredstatements="32" conditionals="6" coveredconditionals="6" methods="5" coveredmethods="5"/>
        <line num="2" count="1" type="stmt"/>
        <line num="5" count="1" type="stmt"/>
        <line num="6" count="2" type="stmt"/>
        <line num="7" count="2" type="stmt"/>
        <line num="8" count="1" type="stmt"/>
        <line num="10" count="1" type="stmt"/>
        <line num="14" count="1" type="stmt"/>
        <line num="15" count="3" type="stmt"/>
        <line num="16" count="3" type="stmt"/>
        <line num="17" count="2" type="cond" truecount="2" falsecount="0"/>
        <line num="18" count="1" type="stmt"/>
        <line num="20" count="1" type="stmt"/>
        <line num="23" count="1" type="stmt"/>
        <line num="27" count="1" type="stmt"/>
        <line num="28" count="2" type="stmt"/>
        <line num="29" count="2" type="stmt"/>
        <line num="30" count="1" type="stmt"/>
        <line num="32" count="1" type="stmt"/>
        <line num="36" count="1" type="stmt"/>
        <line num="37" count="3" type="stmt"/>
        <line num="38" count="3" type="stmt"/>
        <line num="39" count="2" type="cond" truecount="2" falsecount="0"/>
        <line num="40" count="1" type="stmt"/>
        <line num="42" count="1" type="stmt"/>
        <line num="45" count="1" type="stmt"/>
        <line num="49" count="1" type="stmt"/>
        <line num="50" count="3" type="stmt"/>
        <line num="51" count="3" type="stmt"/>
        <line num="52" count="2" type="cond" truecount="2" falsecount="0"/>
        <line num="53" count="1" type="stmt"/>
        <line num="55" count="1" type="stmt"/>
        <line num="58" count="1" type="stmt"/>
      </file>
    </package>
    <package name="services">
      <metrics statements="19" coveredstatements="19" conditionals="2" coveredconditionals="2" methods="9" coveredmethods="9"/>
      <file name="task.service.ts" path="/home/robinsmaskey/express-typescript-api/src/services/task.service.ts">
        <metrics statements="19" coveredstatements="19" conditionals="2" coveredconditionals="2" methods="9" coveredmethods="9"/>
        <line num="3" count="2" type="stmt"/>
        <line num="5" count="2" type="stmt"/>
        <line num="7" count="2" type="stmt"/>
        <line num="8" count="4" type="stmt"/>
        <line num="11" count="2" type="stmt"/>
        <line num="12" count="8" type="stmt"/>
        <line num="18" count="8" type="stmt"/>
        <line num="19" count="8" type="stmt"/>
        <line num="22" count="2" type="stmt"/>
        <line num="23" count="14" type="stmt"/>
        <line num="24" count="2" type="cond" truecount="1" falsecount="0"/>
        <line num="26" count="1" type="stmt"/>
        <line num="30" count="1" type="stmt"/>
        <line num="33" count="2" type="stmt"/>
        <line num="34" count="15" type="stmt"/>
        <line num="35" count="2" type="cond" truecount="1" falsecount="0"/>
        <line num="37" count="1" type="stmt"/>
        <line num="38" count="8" type="stmt"/>
        <line num="39" count="1" type="stmt"/>
      </file>
    </package>
  </project>
</coverage>
