{"/home/robinsmaskey/express-typescript-api/src/controllers/task.controller.ts": {"path":"/home/robinsmaskey/express-typescript-api/src/controllers/task.controller.ts","statementMap":{"0":{"start":{"line":2,"column":0},"end":{"line":2,"column":56}},"1":{"start":{"line":5,"column":27},"end":{"line":12,"column":1}},"2":{"start":{"line":6,"column":2},"end":{"line":11,"column":3}},"3":{"start":{"line":7,"column":18},"end":{"line":7,"column":45}},"4":{"start":{"line":8,"column":4},"end":{"line":8,"column":32}},"5":{"start":{"line":10,"column":4},"end":{"line":10,"column":62}},"6":{"start":{"line":5,"column":13},"end":{"line":5,"column":27}},"7":{"start":{"line":14,"column":23},"end":{"line":25,"column":1}},"8":{"start":{"line":15,"column":2},"end":{"line":24,"column":3}},"9":{"start":{"line":16,"column":17},"end":{"line":16,"column":57}},"10":{"start":{"line":17,"column":4},"end":{"line":21,"column":5}},"11":{"start":{"line":18,"column":6},"end":{"line":18,"column":33}},"12":{"start":{"line":20,"column":6},"end":{"line":20,"column":58}},"13":{"start":{"line":23,"column":4},"end":{"line":23,"column":61}},"14":{"start":{"line":14,"column":13},"end":{"line":14,"column":23}},"15":{"start":{"line":27,"column":26},"end":{"line":34,"column":1}},"16":{"start":{"line":28,"column":2},"end":{"line":33,"column":3}},"17":{"start":{"line":29,"column":20},"end":{"line":29,"column":54}},"18":{"start":{"line":30,"column":4},"end":{"line":30,"column":34}},"19":{"start":{"line":32,"column":4},"end":{"line":32,"column":61}},"20":{"start":{"line":27,"column":13},"end":{"line":27,"column":26}},"21":{"start":{"line":36,"column":26},"end":{"line":47,"column":1}},"22":{"start":{"line":37,"column":2},"end":{"line":46,"column":3}},"23":{"start":{"line":38,"column":24},"end":{"line":38,"column":73}},"24":{"start":{"line":39,"column":4},"end":{"line":43,"column":5}},"25":{"start":{"line":40,"column":6},"end":{"line":40,"column":40}},"26":{"start":{"line":42,"column":6},"end":{"line":42,"column":58}},"27":{"start":{"line":45,"column":4},"end":{"line":45,"column":61}},"28":{"start":{"line":36,"column":13},"end":{"line":36,"column":26}},"29":{"start":{"line":49,"column":26},"end":{"line":60,"column":1}},"30":{"start":{"line":50,"column":2},"end":{"line":59,"column":3}},"31":{"start":{"line":51,"column":24},"end":{"line":51,"column":63}},"32":{"start":{"line":52,"column":4},"end":{"line":56,"column":5}},"33":{"start":{"line":53,"column":6},"end":{"line":53,"column":69}},"34":{"start":{"line":55,"column":6},"end":{"line":55,"column":58}},"35":{"start":{"line":58,"column":4},"end":{"line":58,"column":61}},"36":{"start":{"line":49,"column":13},"end":{"line":49,"column":26}}},"fnMap":{"0":{"name":"(anonymous_9)","decl":{"start":{"line":5,"column":27},"end":{"line":5,"column":32}},"loc":{"start":{"line":5,"column":80},"end":{"line":12,"column":1}}},"1":{"name":"(anonymous_10)","decl":{"start":{"line":14,"column":23},"end":{"line":14,"column":28}},"loc":{"start":{"line":14,"column":76},"end":{"line":25,"column":1}}},"2":{"name":"(anonymous_11)","decl":{"start":{"line":27,"column":26},"end":{"line":27,"column":31}},"loc":{"start":{"line":27,"column":79},"end":{"line":34,"column":1}}},"3":{"name":"(anonymous_12)","decl":{"start":{"line":36,"column":26},"end":{"line":36,"column":31}},"loc":{"start":{"line":36,"column":79},"end":{"line":47,"column":1}}},"4":{"name":"(anonymous_13)","decl":{"start":{"line":49,"column":26},"end":{"line":49,"column":31}},"loc":{"start":{"line":49,"column":79},"end":{"line":60,"column":1}}}},"branchMap":{"0":{"loc":{"start":{"line":17,"column":4},"end":{"line":21,"column":5}},"type":"if","locations":[{"start":{"line":17,"column":4},"end":{"line":21,"column":5}},{"start":{"line":19,"column":11},"end":{"line":21,"column":5}}]},"1":{"loc":{"start":{"line":39,"column":4},"end":{"line":43,"column":5}},"type":"if","locations":[{"start":{"line":39,"column":4},"end":{"line":43,"column":5}},{"start":{"line":41,"column":11},"end":{"line":43,"column":5}}]},"2":{"loc":{"start":{"line":52,"column":4},"end":{"line":56,"column":5}},"type":"if","locations":[{"start":{"line":52,"column":4},"end":{"line":56,"column":5}},{"start":{"line":54,"column":11},"end":{"line":56,"column":5}}]}},"s":{"0":1,"1":1,"2":2,"3":2,"4":1,"5":1,"6":1,"7":1,"8":3,"9":3,"10":2,"11":1,"12":1,"13":1,"14":1,"15":1,"16":2,"17":2,"18":1,"19":1,"20":1,"21":1,"22":3,"23":3,"24":2,"25":1,"26":1,"27":1,"28":1,"29":1,"30":3,"31":3,"32":2,"33":1,"34":1,"35":1,"36":1},"f":{"0":2,"1":3,"2":2,"3":3,"4":3},"b":{"0":[1,1],"1":[1,1],"2":[1,1]}}
,"/home/robinsmaskey/express-typescript-api/src/services/task.service.ts": {"path":"/home/robinsmaskey/express-typescript-api/src/services/task.service.ts","statementMap":{"0":{"start":{"line":3,"column":20},"end":{"line":3,"column":22}},"1":{"start":{"line":5,"column":23},"end":{"line":5,"column":57}},"2":{"start":{"line":5,"column":52},"end":{"line":5,"column":57}},"3":{"start":{"line":5,"column":13},"end":{"line":5,"column":23}},"4":{"start":{"line":7,"column":23},"end":{"line":9,"column":1}},"5":{"start":{"line":8,"column":2},"end":{"line":8,"column":44}},"6":{"start":{"line":8,"column":28},"end":{"line":8,"column":42}},"7":{"start":{"line":7,"column":13},"end":{"line":7,"column":23}},"8":{"start":{"line":11,"column":22},"end":{"line":20,"column":1}},"9":{"start":{"line":12,"column":21},"end":{"line":17,"column":4}},"10":{"start":{"line":18,"column":2},"end":{"line":18,"column":19}},"11":{"start":{"line":19,"column":2},"end":{"line":19,"column":14}},"12":{"start":{"line":11,"column":13},"end":{"line":11,"column":22}},"13":{"start":{"line":22,"column":22},"end":{"line":31,"column":1}},"14":{"start":{"line":23,"column":20},"end":{"line":23,"column":59}},"15":{"start":{"line":23,"column":44},"end":{"line":23,"column":58}},"16":{"start":{"line":24,"column":2},"end":{"line":24,"column":36}},"17":{"start":{"line":24,"column":24},"end":{"line":24,"column":36}},"18":{"start":{"line":26,"column":2},"end":{"line":29,"column":4}},"19":{"start":{"line":30,"column":2},"end":{"line":30,"column":26}},"20":{"start":{"line":22,"column":13},"end":{"line":22,"column":22}},"21":{"start":{"line":33,"column":22},"end":{"line":40,"column":1}},"22":{"start":{"line":34,"column":20},"end":{"line":34,"column":59}},"23":{"start":{"line":34,"column":44},"end":{"line":34,"column":58}},"24":{"start":{"line":35,"column":2},"end":{"line":35,"column":36}},"25":{"start":{"line":35,"column":24},"end":{"line":35,"column":36}},"26":{"start":{"line":37,"column":22},"end":{"line":37,"column":38}},"27":{"start":{"line":38,"column":2},"end":{"line":38,"column":47}},"28":{"start":{"line":38,"column":31},"end":{"line":38,"column":45}},"29":{"start":{"line":39,"column":2},"end":{"line":39,"column":21}},"30":{"start":{"line":33,"column":13},"end":{"line":33,"column":22}}},"fnMap":{"0":{"name":"(anonymous_0)","decl":{"start":{"line":5,"column":23},"end":{"line":5,"column":28}},"loc":{"start":{"line":5,"column":52},"end":{"line":5,"column":57}}},"1":{"name":"(anonymous_1)","decl":{"start":{"line":7,"column":23},"end":{"line":7,"column":28}},"loc":{"start":{"line":7,"column":71},"end":{"line":9,"column":1}}},"2":{"name":"(anonymous_2)","decl":{"start":{"line":8,"column":20},"end":{"line":8,"column":24}},"loc":{"start":{"line":8,"column":28},"end":{"line":8,"column":42}}},"3":{"name":"(anonymous_3)","decl":{"start":{"line":11,"column":22},"end":{"line":11,"column":27}},"loc":{"start":{"line":11,"column":87},"end":{"line":20,"column":1}}},"4":{"name":"(anonymous_4)","decl":{"start":{"line":22,"column":22},"end":{"line":22,"column":27}},"loc":{"start":{"line":22,"column":92},"end":{"line":31,"column":1}}},"5":{"name":"(anonymous_5)","decl":{"start":{"line":23,"column":36},"end":{"line":23,"column":40}},"loc":{"start":{"line":23,"column":44},"end":{"line":23,"column":58}}},"6":{"name":"(anonymous_6)","decl":{"start":{"line":33,"column":22},"end":{"line":33,"column":27}},"loc":{"start":{"line":33,"column":65},"end":{"line":40,"column":1}}},"7":{"name":"(anonymous_7)","decl":{"start":{"line":34,"column":36},"end":{"line":34,"column":40}},"loc":{"start":{"line":34,"column":44},"end":{"line":34,"column":58}}},"8":{"name":"(anonymous_8)","decl":{"start":{"line":38,"column":23},"end":{"line":38,"column":27}},"loc":{"start":{"line":38,"column":31},"end":{"line":38,"column":45}}}},"branchMap":{"0":{"loc":{"start":{"line":24,"column":2},"end":{"line":24,"column":36}},"type":"if","locations":[{"start":{"line":24,"column":2},"end":{"line":24,"column":36}}]},"1":{"loc":{"start":{"line":35,"column":2},"end":{"line":35,"column":36}},"type":"if","locations":[{"start":{"line":35,"column":2},"end":{"line":35,"column":36}}]}},"s":{"0":2,"1":2,"2":2,"3":2,"4":2,"5":2,"6":4,"7":2,"8":2,"9":8,"10":8,"11":8,"12":2,"13":2,"14":2,"15":14,"16":2,"17":1,"18":1,"19":1,"20":2,"21":2,"22":2,"23":15,"24":2,"25":1,"26":1,"27":1,"28":8,"29":1,"30":2},"f":{"0":2,"1":2,"2":4,"3":8,"4":2,"5":14,"6":2,"7":15,"8":8},"b":{"0":[1],"1":[1]}}
}
