TN:
SF:src/controllers/task.controller.ts
FN:5,(anonymous_9)
FN:14,(anonymous_10)
FN:27,(anonymous_11)
FN:36,(anonymous_12)
FN:49,(anonymous_13)
FNF:5
FNH:5
FNDA:2,(anonymous_9)
FNDA:3,(anonymous_10)
FNDA:2,(anonymous_11)
FNDA:3,(anonymous_12)
FNDA:3,(anonymous_13)
DA:2,1
DA:5,1
DA:6,2
DA:7,2
DA:8,1
DA:10,1
DA:14,1
DA:15,3
DA:16,3
DA:17,2
DA:18,1
DA:20,1
DA:23,1
DA:27,1
DA:28,2
DA:29,2
DA:30,1
DA:32,1
DA:36,1
DA:37,3
DA:38,3
DA:39,2
DA:40,1
DA:42,1
DA:45,1
DA:49,1
DA:50,3
DA:51,3
DA:52,2
DA:53,1
DA:55,1
DA:58,1
LF:32
LH:32
BRDA:17,0,0,1
BRDA:17,0,1,1
BRDA:39,1,0,1
BRDA:39,1,1,1
BRDA:52,2,0,1
BRDA:52,2,1,1
BRF:6
BRH:6
end_of_record
TN:
SF:src/services/task.service.ts
FN:5,(anonymous_0)
FN:7,(anonymous_1)
FN:8,(anonymous_2)
FN:11,(anonymous_3)
FN:22,(anonymous_4)
FN:23,(anonymous_5)
FN:33,(anonymous_6)
FN:34,(anonymous_7)
FN:38,(anonymous_8)
FNF:9
FNH:9
FNDA:2,(anonymous_0)
FNDA:2,(anonymous_1)
FNDA:4,(anonymous_2)
FNDA:8,(anonymous_3)
FNDA:2,(anonymous_4)
FNDA:14,(anonymous_5)
FNDA:2,(anonymous_6)
FNDA:15,(anonymous_7)
FNDA:8,(anonymous_8)
DA:3,2
DA:5,2
DA:7,2
DA:8,4
DA:11,2
DA:12,8
DA:18,8
DA:19,8
DA:22,2
DA:23,14
DA:24,2
DA:26,1
DA:30,1
DA:33,2
DA:34,15
DA:35,2
DA:37,1
DA:38,8
DA:39,1
LF:19
LH:19
BRDA:24,0,0,1
BRDA:35,1,0,1
BRF:2
BRH:2
end_of_record
